2014-07-21 11:37:12 Error: [MissingViewException] View file "/Users/asmt3/Sites/clients/justgiving/widgets/app/View/Donationlists/show.ctp" is missing.
Exception Attributes: array (
  'file' => '/Users/asmt3/Sites/clients/justgiving/widgets/app/View/Donationlists/show.ctp',
)
Request URL: /donationlists/show
Stack Trace:
#0 /Users/asmt3/Sites/clients/justgiving/widgets/lib/Cake/View/View.php(468): View->_getViewFileName(NULL)
#1 /Users/asmt3/Sites/clients/justgiving/widgets/lib/Cake/Controller/Controller.php(954): View->render(NULL, NULL)
#2 /Users/asmt3/Sites/clients/justgiving/widgets/lib/Cake/Routing/Dispatcher.php(198): Controller->render()
#3 /Users/asmt3/Sites/clients/justgiving/widgets/lib/Cake/Routing/Dispatcher.php(165): Dispatcher->_invoke(Object(DonationlistsController), Object(CakeRequest))
#4 /Users/asmt3/Sites/clients/justgiving/widgets/app/webroot/index.php(108): Dispatcher->dispatch(Object(CakeRequest), Object(CakeResponse))
#5 {main}
2014-07-21 11:37:57 Error: Fatal Error (1): Call to undefined method CharityApi::Donations() in [/Users/asmt3/Sites/clients/justgiving/widgets/app/Controller/DonationlistsController.php, line 13]
2014-07-21 11:37:57 Error: [FatalErrorException] Call to undefined method CharityApi::Donations()
Request URL: /donationlists/show
Stack Trace:
#0 /Users/asmt3/Sites/clients/justgiving/widgets/lib/Cake/Error/ErrorHandler.php(203): ErrorHandler::handleFatalError(1, 'Call to undefin...', '/Users/asmt3/Si...', 13)
#1 [internal function]: ErrorHandler::handleError(1, 'Call to undefin...', '/Users/asmt3/Si...', 13, Array)
#2 /Users/asmt3/Sites/clients/justgiving/widgets/lib/Cake/Core/App.php(931): call_user_func('ErrorHandler::h...', 1, 'Call to undefin...', '/Users/asmt3/Si...', 13, Array)
#3 /Users/asmt3/Sites/clients/justgiving/widgets/lib/Cake/Core/App.php(904): App::_checkFatalError()
#4 [internal function]: App::shutdown()
#5 {main}
2014-07-21 11:38:44 Error: [MissingViewException] View file "/Users/asmt3/Sites/clients/justgiving/widgets/app/View/Donationlists/show.ctp" is missing.
Exception Attributes: array (
  'file' => '/Users/asmt3/Sites/clients/justgiving/widgets/app/View/Donationlists/show.ctp',
)
Request URL: /donationlists/show
Stack Trace:
#0 /Users/asmt3/Sites/clients/justgiving/widgets/lib/Cake/View/View.php(468): View->_getViewFileName(NULL)
#1 /Users/asmt3/Sites/clients/justgiving/widgets/lib/Cake/Controller/Controller.php(954): View->render(NULL, NULL)
#2 /Users/asmt3/Sites/clients/justgiving/widgets/lib/Cake/Routing/Dispatcher.php(198): Controller->render()
#3 /Users/asmt3/Sites/clients/justgiving/widgets/lib/Cake/Routing/Dispatcher.php(165): Dispatcher->_invoke(Object(DonationlistsController), Object(CakeRequest))
#4 /Users/asmt3/Sites/clients/justgiving/widgets/app/webroot/index.php(108): Dispatcher->dispatch(Object(CakeRequest), Object(CakeResponse))
#5 {main}
2014-07-21 11:52:18 Error: Fatal Error (4): syntax error, unexpected ':' in [/Users/asmt3/Sites/clients/justgiving/widgets/app/View/Donationlists/donationlist.ctp, line 18]
2014-07-21 11:52:18 Error: [FatalErrorException] syntax error, unexpected ':'
Request URL: /donationlists/donationlist/2050
Stack Trace:
#0 /Users/asmt3/Sites/clients/justgiving/widgets/lib/Cake/Error/ErrorHandler.php(203): ErrorHandler::handleFatalError(4, 'syntax error, u...', '/Users/asmt3/Si...', 18)
#1 [internal function]: ErrorHandler::handleError(4, 'syntax error, u...', '/Users/asmt3/Si...', 18, Array)
#2 /Users/asmt3/Sites/clients/justgiving/widgets/lib/Cake/Core/App.php(931): call_user_func('ErrorHandler::h...', 4, 'syntax error, u...', '/Users/asmt3/Si...', 18, Array)
#3 /Users/asmt3/Sites/clients/justgiving/widgets/lib/Cake/Core/App.php(904): App::_checkFatalError()
#4 [internal function]: App::shutdown()
#5 {main}
2014-07-21 14:45:54 Error: Fatal Error (4): syntax error, unexpected ';' in [/Users/asmt3/Sites/clients/justgiving/widgets/app/Controller/CharitiesController.php, line 18]
2014-07-21 14:45:55 Error: [FatalErrorException] syntax error, unexpected ';'
Request URL: /charities/search?q=207994
Stack Trace:
#0 /Users/asmt3/Sites/clients/justgiving/widgets/lib/Cake/Error/ErrorHandler.php(203): ErrorHandler::handleFatalError(4, 'syntax error, u...', '/Users/asmt3/Si...', 18)
#1 [internal function]: ErrorHandler::handleError(4, 'syntax error, u...', '/Users/asmt3/Si...', 18, Array)
#2 /Users/asmt3/Sites/clients/justgiving/widgets/lib/Cake/Core/App.php(931): call_user_func('ErrorHandler::h...', 4, 'syntax error, u...', '/Users/asmt3/Si...', 18, Array)
#3 /Users/asmt3/Sites/clients/justgiving/widgets/lib/Cake/Core/App.php(904): App::_checkFatalError()
#4 [internal function]: App::shutdown()
#5 {main}
2014-07-21 15:12:30 Error: [MissingActionException] Action CharitiesController::wizard() could not be found.
Exception Attributes: array (
  'controller' => 'CharitiesController',
  'action' => 'wizard',
)
Request URL: /charities/wizard/2288
Stack Trace:
#0 /Users/asmt3/Sites/clients/justgiving/widgets/lib/Cake/Routing/Dispatcher.php(191): Controller->invokeAction(Object(CakeRequest))
#1 /Users/asmt3/Sites/clients/justgiving/widgets/lib/Cake/Routing/Dispatcher.php(165): Dispatcher->_invoke(Object(CharitiesController), Object(CakeRequest))
#2 /Users/asmt3/Sites/clients/justgiving/widgets/app/webroot/index.php(108): Dispatcher->dispatch(Object(CakeRequest), Object(CakeResponse))
#3 {main}
2014-07-21 15:24:39 Error: Fatal Error (4): syntax error, unexpected '}' in [/Users/asmt3/Sites/clients/justgiving/widgets/app/Controller/CharitiesController.php, line 10]
2014-07-21 15:24:39 Error: [FatalErrorException] syntax error, unexpected '}'
Request URL: /charities/wizard/2288
Stack Trace:
#0 /Users/asmt3/Sites/clients/justgiving/widgets/lib/Cake/Error/ErrorHandler.php(203): ErrorHandler::handleFatalError(4, 'syntax error, u...', '/Users/asmt3/Si...', 10)
#1 [internal function]: ErrorHandler::handleError(4, 'syntax error, u...', '/Users/asmt3/Si...', 10, Array)
#2 /Users/asmt3/Sites/clients/justgiving/widgets/lib/Cake/Core/App.php(931): call_user_func('ErrorHandler::h...', 4, 'syntax error, u...', '/Users/asmt3/Si...', 10, Array)
#3 /Users/asmt3/Sites/clients/justgiving/widgets/lib/Cake/Core/App.php(904): App::_checkFatalError()
#4 [internal function]: App::shutdown()
#5 {main}
2014-07-21 15:26:25 Error: [MissingControllerException] Controller class CharityeventsController could not be found.
Exception Attributes: array (
  'class' => 'CharityeventsController',
  'plugin' => NULL,
)
Request URL: /charityevents/charityevent/2288
Stack Trace:
#0 /Users/asmt3/Sites/clients/justgiving/widgets/app/webroot/index.php(108): Dispatcher->dispatch(Object(CakeRequest), Object(CakeResponse))
#1 {main}
2014-07-21 15:27:35 Error: [MissingControllerException] Controller class CharityeventsController could not be found.
Exception Attributes: array (
  'class' => 'CharityeventsController',
  'plugin' => NULL,
)
Request URL: /charityevents/charityevent/2288
Stack Trace:
#0 /Users/asmt3/Sites/clients/justgiving/widgets/app/webroot/index.php(108): Dispatcher->dispatch(Object(CakeRequest), Object(CakeResponse))
#1 {main}
2014-07-21 15:28:08 Error: [MissingControllerException] Controller class CharityeventsController could not be found.
Exception Attributes: array (
  'class' => 'CharityeventsController',
  'plugin' => NULL,
)
Request URL: /charityevents/charityevent/2288
Stack Trace:
#0 /Users/asmt3/Sites/clients/justgiving/widgets/app/webroot/index.php(108): Dispatcher->dispatch(Object(CakeRequest), Object(CakeResponse))
#1 {main}
2014-07-21 15:28:09 Error: [MissingActionException] Action DonationlistsController::donationlist-by-ref() could not be found.
Exception Attributes: array (
  'controller' => 'DonationlistsController',
  'action' => 'donationlist-by-ref',
)
Request URL: /donationlists/donationlist-by-ref/2288
Stack Trace:
#0 /Users/asmt3/Sites/clients/justgiving/widgets/lib/Cake/Routing/Dispatcher.php(191): Controller->invokeAction(Object(CakeRequest))
#1 /Users/asmt3/Sites/clients/justgiving/widgets/lib/Cake/Routing/Dispatcher.php(165): Dispatcher->_invoke(Object(DonationlistsController), Object(CakeRequest))
#2 /Users/asmt3/Sites/clients/justgiving/widgets/app/webroot/index.php(108): Dispatcher->dispatch(Object(CakeRequest), Object(CakeResponse))
#3 {main}
2014-07-21 15:28:11 Error: [MissingControllerException] Controller class CharityeventsController could not be found.
Exception Attributes: array (
  'class' => 'CharityeventsController',
  'plugin' => NULL,
)
Request URL: /charityevents/charityevent/2288
Stack Trace:
#0 /Users/asmt3/Sites/clients/justgiving/widgets/app/webroot/index.php(108): Dispatcher->dispatch(Object(CakeRequest), Object(CakeResponse))
#1 {main}
2014-07-21 15:28:40 Error: [MissingControllerException] Controller class CharityeventsController could not be found.
Exception Attributes: array (
  'class' => 'CharityeventsController',
  'plugin' => NULL,
)
Request URL: /charityevents/charityevent/2288
Stack Trace:
#0 /Users/asmt3/Sites/clients/justgiving/widgets/app/webroot/index.php(108): Dispatcher->dispatch(Object(CakeRequest), Object(CakeResponse))
#1 {main}
2014-07-21 15:31:00 Error: [MissingViewException] View file "/Users/asmt3/Sites/clients/justgiving/widgets/app/View/Charityeventlists/charityeventlist.ctp" is missing.
Exception Attributes: array (
  'file' => '/Users/asmt3/Sites/clients/justgiving/widgets/app/View/Charityeventlists/charityeventlist.ctp',
)
Request URL: /charityeventlists/charityeventlist
Stack Trace:
#0 /Users/asmt3/Sites/clients/justgiving/widgets/lib/Cake/View/View.php(468): View->_getViewFileName(NULL)
#1 /Users/asmt3/Sites/clients/justgiving/widgets/lib/Cake/Controller/Controller.php(954): View->render(NULL, NULL)
#2 /Users/asmt3/Sites/clients/justgiving/widgets/lib/Cake/Routing/Dispatcher.php(198): Controller->render()
#3 /Users/asmt3/Sites/clients/justgiving/widgets/lib/Cake/Routing/Dispatcher.php(165): Dispatcher->_invoke(Object(CharityeventlistsController), Object(CakeRequest))
#4 /Users/asmt3/Sites/clients/justgiving/widgets/app/webroot/index.php(108): Dispatcher->dispatch(Object(CakeRequest), Object(CakeResponse))
#5 {main}
2014-07-21 15:49:22 Error: [MissingViewException] View file "/Users/asmt3/Sites/clients/justgiving/widgets/app/View/Charityeventlists/charityeventlist.ctp" is missing.
Exception Attributes: array (
  'file' => '/Users/asmt3/Sites/clients/justgiving/widgets/app/View/Charityeventlists/charityeventlist.ctp',
)
Request URL: /charityeventlists/charityeventlist
Stack Trace:
#0 /Users/asmt3/Sites/clients/justgiving/widgets/lib/Cake/View/View.php(468): View->_getViewFileName(NULL)
#1 /Users/asmt3/Sites/clients/justgiving/widgets/lib/Cake/Controller/Controller.php(954): View->render(NULL, NULL)
#2 /Users/asmt3/Sites/clients/justgiving/widgets/lib/Cake/Routing/Dispatcher.php(198): Controller->render()
#3 /Users/asmt3/Sites/clients/justgiving/widgets/lib/Cake/Routing/Dispatcher.php(165): Dispatcher->_invoke(Object(CharityeventlistsController), Object(CakeRequest))
#4 /Users/asmt3/Sites/clients/justgiving/widgets/app/webroot/index.php(108): Dispatcher->dispatch(Object(CakeRequest), Object(CakeResponse))
#5 {main}
2014-07-21 15:51:03 Error: [MissingViewException] View file "/Users/asmt3/Sites/clients/justgiving/widgets/app/View/Charityeventlists/charityeventlist.ctp" is missing.
Exception Attributes: array (
  'file' => '/Users/asmt3/Sites/clients/justgiving/widgets/app/View/Charityeventlists/charityeventlist.ctp',
)
Request URL: /charityeventlists/charityeventlist
Stack Trace:
#0 /Users/asmt3/Sites/clients/justgiving/widgets/lib/Cake/View/View.php(468): View->_getViewFileName(NULL)
#1 /Users/asmt3/Sites/clients/justgiving/widgets/lib/Cake/Controller/Controller.php(954): View->render(NULL, NULL)
#2 /Users/asmt3/Sites/clients/justgiving/widgets/lib/Cake/Routing/Dispatcher.php(198): Controller->render()
#3 /Users/asmt3/Sites/clients/justgiving/widgets/lib/Cake/Routing/Dispatcher.php(165): Dispatcher->_invoke(Object(CharityeventlistsController), Object(CakeRequest))
#4 /Users/asmt3/Sites/clients/justgiving/widgets/app/webroot/index.php(108): Dispatcher->dispatch(Object(CakeRequest), Object(CakeResponse))
#5 {main}
2014-07-21 15:51:10 Error: [MissingViewException] View file "/Users/asmt3/Sites/clients/justgiving/widgets/app/View/Charityeventlists/charityeventlist.ctp" is missing.
Exception Attributes: array (
  'file' => '/Users/asmt3/Sites/clients/justgiving/widgets/app/View/Charityeventlists/charityeventlist.ctp',
)
Request URL: /charityeventlists/charityeventlist/2050
Stack Trace:
#0 /Users/asmt3/Sites/clients/justgiving/widgets/lib/Cake/View/View.php(468): View->_getViewFileName(NULL)
#1 /Users/asmt3/Sites/clients/justgiving/widgets/lib/Cake/Controller/Controller.php(954): View->render(NULL, NULL)
#2 /Users/asmt3/Sites/clients/justgiving/widgets/lib/Cake/Routing/Dispatcher.php(198): Controller->render()
#3 /Users/asmt3/Sites/clients/justgiving/widgets/lib/Cake/Routing/Dispatcher.php(165): Dispatcher->_invoke(Object(CharityeventlistsController), Object(CakeRequest))
#4 /Users/asmt3/Sites/clients/justgiving/widgets/app/webroot/index.php(108): Dispatcher->dispatch(Object(CakeRequest), Object(CakeResponse))
#5 {main}
2014-07-21 16:23:13 Error: Fatal Error (1): Call to undefined method JustGivingClient::Events() in [/Users/asmt3/Sites/clients/justgiving/widgets/app/Controller/CharityeventlistsController.php, line 11]
2014-07-21 16:23:13 Error: [FatalErrorException] Call to undefined method JustGivingClient::Events()
Request URL: /charityeventlists/charityeventlist/2050
Stack Trace:
#0 /Users/asmt3/Sites/clients/justgiving/widgets/lib/Cake/Error/ErrorHandler.php(203): ErrorHandler::handleFatalError(1, 'Call to undefin...', '/Users/asmt3/Si...', 11)
#1 [internal function]: ErrorHandler::handleError(1, 'Call to undefin...', '/Users/asmt3/Si...', 11, Array)
#2 /Users/asmt3/Sites/clients/justgiving/widgets/lib/Cake/Core/App.php(931): call_user_func('ErrorHandler::h...', 1, 'Call to undefin...', '/Users/asmt3/Si...', 11, Array)
#3 /Users/asmt3/Sites/clients/justgiving/widgets/lib/Cake/Core/App.php(904): App::_checkFatalError()
#4 [internal function]: App::shutdown()
#5 {main}
2014-07-21 16:26:23 Error: Fatal Error (1): Call to undefined method JustGivingClient::Events() in [/Users/asmt3/Sites/clients/justgiving/widgets/app/Controller/CharityeventlistsController.php, line 11]
2014-07-21 16:26:23 Error: [FatalErrorException] Call to undefined method JustGivingClient::Events()
Request URL: /charityeventlists/charityeventlist/2050
Stack Trace:
#0 /Users/asmt3/Sites/clients/justgiving/widgets/lib/Cake/Error/ErrorHandler.php(203): ErrorHandler::handleFatalError(1, 'Call to undefin...', '/Users/asmt3/Si...', 11)
#1 [internal function]: ErrorHandler::handleError(1, 'Call to undefin...', '/Users/asmt3/Si...', 11, Array)
#2 /Users/asmt3/Sites/clients/justgiving/widgets/lib/Cake/Core/App.php(931): call_user_func('ErrorHandler::h...', 1, 'Call to undefin...', '/Users/asmt3/Si...', 11, Array)
#3 /Users/asmt3/Sites/clients/justgiving/widgets/lib/Cake/Core/App.php(904): App::_checkFatalError()
#4 [internal function]: App::shutdown()
#5 {main}
2014-07-21 16:35:00 Error: Fatal Error (1): Class 'AppHelper' not found in [/Users/asmt3/Sites/clients/justgiving/widgets/app/View/Helper/JgTimeHelper.php, line 5]
2014-07-21 16:35:00 Error: [FatalErrorException] Class 'AppHelper' not found
Request URL: /charityeventlists/charityeventlist/2050
Stack Trace:
#0 /Users/asmt3/Sites/clients/justgiving/widgets/lib/Cake/Error/ErrorHandler.php(203): ErrorHandler::handleFatalError(1, 'Class 'AppHelpe...', '/Users/asmt3/Si...', 5)
#1 [internal function]: ErrorHandler::handleError(1, 'Class 'AppHelpe...', '/Users/asmt3/Si...', 5, Array)
#2 /Users/asmt3/Sites/clients/justgiving/widgets/lib/Cake/Core/App.php(931): call_user_func('ErrorHandler::h...', 1, 'Class 'AppHelpe...', '/Users/asmt3/Si...', 5, Array)
#3 /Users/asmt3/Sites/clients/justgiving/widgets/lib/Cake/Core/App.php(904): App::_checkFatalError()
#4 [internal function]: App::shutdown()
#5 {main}
2014-07-21 16:43:14 Error: Fatal Error (1): Call to a member function nice() on a non-object in [/Users/asmt3/Sites/clients/justgiving/widgets/app/View/Helper/JgTimeHelper.php, line 14]
2014-07-21 16:43:14 Error: [FatalErrorException] Call to a member function nice() on a non-object
Request URL: /charityeventlists/charityeventlist/2050
Stack Trace:
#0 /Users/asmt3/Sites/clients/justgiving/widgets/lib/Cake/Error/ErrorHandler.php(203): ErrorHandler::handleFatalError(1, 'Call to a membe...', '/Users/asmt3/Si...', 14)
#1 [internal function]: ErrorHandler::handleError(1, 'Call to a membe...', '/Users/asmt3/Si...', 14, Array)
#2 /Users/asmt3/Sites/clients/justgiving/widgets/lib/Cake/Core/App.php(931): call_user_func('ErrorHandler::h...', 1, 'Call to a membe...', '/Users/asmt3/Si...', 14, Array)
#3 /Users/asmt3/Sites/clients/justgiving/widgets/lib/Cake/Core/App.php(904): App::_checkFatalError()
#4 [internal function]: App::shutdown()
#5 {main}
2014-07-21 17:01:57 Error: [MissingControllerException] Controller class CharityeventsController could not be found.
Exception Attributes: array (
  'class' => 'CharityeventsController',
  'plugin' => NULL,
)
Request URL: /charityevents/charityevent/2288
Stack Trace:
#0 /Users/asmt3/Sites/clients/justgiving/widgets/app/webroot/index.php(108): Dispatcher->dispatch(Object(CakeRequest), Object(CakeResponse))
#1 {main}
2014-07-22 09:37:58 Error: [MissingActionException] Action DonationlistsController::donationlist-by-ref() could not be found.
Exception Attributes: array (
  'controller' => 'DonationlistsController',
  'action' => 'donationlist-by-ref',
)
Request URL: /donationlists/donationlist-by-ref/2288
Stack Trace:
#0 /Users/asmt3/Sites/clients/justgiving/widgets/lib/Cake/Routing/Dispatcher.php(191): Controller->invokeAction(Object(CakeRequest))
#1 /Users/asmt3/Sites/clients/justgiving/widgets/lib/Cake/Routing/Dispatcher.php(165): Dispatcher->_invoke(Object(DonationlistsController), Object(CakeRequest))
#2 /Users/asmt3/Sites/clients/justgiving/widgets/app/webroot/index.php(108): Dispatcher->dispatch(Object(CakeRequest), Object(CakeResponse))
#3 {main}
2014-07-22 10:01:39 Error: [MissingActionException] Action DonationlistsController::donationlistByRef() could not be found.
Exception Attributes: array (
  'controller' => 'DonationlistsController',
  'action' => 'donationlistByRef',
)
Request URL: /donationlists/donationlistByRef/2288
Stack Trace:
#0 /Users/asmt3/Sites/clients/justgiving/widgets/lib/Cake/Routing/Dispatcher.php(191): Controller->invokeAction(Object(CakeRequest))
#1 /Users/asmt3/Sites/clients/justgiving/widgets/lib/Cake/Routing/Dispatcher.php(165): Dispatcher->_invoke(Object(DonationlistsController), Object(CakeRequest))
#2 /Users/asmt3/Sites/clients/justgiving/widgets/app/webroot/index.php(108): Dispatcher->dispatch(Object(CakeRequest), Object(CakeResponse))
#3 {main}
2014-07-22 10:08:32 Error: [MissingViewException] View file "/Users/asmt3/Sites/clients/justgiving/widgets/app/View/Donationlists/donationlist_by_ref.ctp" is missing.
Exception Attributes: array (
  'file' => '/Users/asmt3/Sites/clients/justgiving/widgets/app/View/Donationlists/donationlist_by_ref.ctp',
)
Request URL: /donationlists/donationlistByRef/2288
Stack Trace:
#0 /Users/asmt3/Sites/clients/justgiving/widgets/lib/Cake/View/View.php(468): View->_getViewFileName(NULL)
#1 /Users/asmt3/Sites/clients/justgiving/widgets/lib/Cake/Controller/Controller.php(954): View->render(NULL, NULL)
#2 /Users/asmt3/Sites/clients/justgiving/widgets/lib/Cake/Routing/Dispatcher.php(198): Controller->render()
#3 /Users/asmt3/Sites/clients/justgiving/widgets/lib/Cake/Routing/Dispatcher.php(165): Dispatcher->_invoke(Object(DonationlistsController), Object(CakeRequest))
#4 /Users/asmt3/Sites/clients/justgiving/widgets/app/webroot/index.php(108): Dispatcher->dispatch(Object(CakeRequest), Object(CakeResponse))
#5 {main}
2014-07-22 10:10:23 Error: [MissingViewException] View file "/Users/asmt3/Sites/clients/justgiving/widgets/app/View/Donationlists/donationlist_by_ref.ctp" is missing.
Exception Attributes: array (
  'file' => '/Users/asmt3/Sites/clients/justgiving/widgets/app/View/Donationlists/donationlist_by_ref.ctp',
)
Request URL: /donationlists/donationlistByRef/2288
Stack Trace:
#0 /Users/asmt3/Sites/clients/justgiving/widgets/lib/Cake/View/View.php(468): View->_getViewFileName(NULL)
#1 /Users/asmt3/Sites/clients/justgiving/widgets/lib/Cake/Controller/Controller.php(954): View->render(NULL, NULL)
#2 /Users/asmt3/Sites/clients/justgiving/widgets/lib/Cake/Routing/Dispatcher.php(198): Controller->render()
#3 /Users/asmt3/Sites/clients/justgiving/widgets/lib/Cake/Routing/Dispatcher.php(165): Dispatcher->_invoke(Object(DonationlistsController), Object(CakeRequest))
#4 /Users/asmt3/Sites/clients/justgiving/widgets/app/webroot/index.php(108): Dispatcher->dispatch(Object(CakeRequest), Object(CakeResponse))
#5 {main}
2014-07-22 10:10:44 Error: [MissingViewException] View file "/Users/asmt3/Sites/clients/justgiving/widgets/app/View/Donationlists/donationlist_by_ref.ctp" is missing.
Exception Attributes: array (
  'file' => '/Users/asmt3/Sites/clients/justgiving/widgets/app/View/Donationlists/donationlist_by_ref.ctp',
)
Request URL: /donationlists/donationlistByRef/2288
Stack Trace:
#0 /Users/asmt3/Sites/clients/justgiving/widgets/lib/Cake/View/View.php(468): View->_getViewFileName(NULL)
#1 /Users/asmt3/Sites/clients/justgiving/widgets/lib/Cake/Controller/Controller.php(954): View->render(NULL, NULL)
#2 /Users/asmt3/Sites/clients/justgiving/widgets/lib/Cake/Routing/Dispatcher.php(198): Controller->render()
#3 /Users/asmt3/Sites/clients/justgiving/widgets/lib/Cake/Routing/Dispatcher.php(165): Dispatcher->_invoke(Object(DonationlistsController), Object(CakeRequest))
#4 /Users/asmt3/Sites/clients/justgiving/widgets/app/webroot/index.php(108): Dispatcher->dispatch(Object(CakeRequest), Object(CakeResponse))
#5 {main}
2014-07-22 10:15:56 Error: [MissingViewException] View file "/Users/asmt3/Sites/clients/justgiving/widgets/app/View/Donationlists/donationlist_by_ref.ctp" is missing.
Exception Attributes: array (
  'file' => '/Users/asmt3/Sites/clients/justgiving/widgets/app/View/Donationlists/donationlist_by_ref.ctp',
)
Request URL: /donationlists/donationlistByRef/2288
Stack Trace:
#0 /Users/asmt3/Sites/clients/justgiving/widgets/lib/Cake/View/View.php(468): View->_getViewFileName(NULL)
#1 /Users/asmt3/Sites/clients/justgiving/widgets/lib/Cake/Controller/Controller.php(954): View->render(NULL, NULL)
#2 /Users/asmt3/Sites/clients/justgiving/widgets/lib/Cake/Routing/Dispatcher.php(198): Controller->render()
#3 /Users/asmt3/Sites/clients/justgiving/widgets/lib/Cake/Routing/Dispatcher.php(165): Dispatcher->_invoke(Object(DonationlistsController), Object(CakeRequest))
#4 /Users/asmt3/Sites/clients/justgiving/widgets/app/webroot/index.php(108): Dispatcher->dispatch(Object(CakeRequest), Object(CakeResponse))
#5 {main}
2014-07-22 10:45:46 Error: [MissingViewException] View file "/Users/asmt3/Sites/clients/justgiving/widgets/app/View/Pages/examples.ctp" is missing.
Exception Attributes: array (
  'file' => '/Users/asmt3/Sites/clients/justgiving/widgets/app/View/Pages/examples.ctp',
)
Request URL: /pages/examples
Stack Trace:
#0 /Users/asmt3/Sites/clients/justgiving/widgets/lib/Cake/View/View.php(468): View->_getViewFileName('examples')
#1 /Users/asmt3/Sites/clients/justgiving/widgets/lib/Cake/Controller/Controller.php(954): View->render('examples', NULL)
#2 /Users/asmt3/Sites/clients/justgiving/widgets/app/Controller/PagesController.php(69): Controller->render('examples')
#3 [internal function]: PagesController->display('examples')
#4 /Users/asmt3/Sites/clients/justgiving/widgets/lib/Cake/Controller/Controller.php(490): ReflectionMethod->invokeArgs(Object(PagesController), Array)
#5 /Users/asmt3/Sites/clients/justgiving/widgets/lib/Cake/Routing/Dispatcher.php(191): Controller->invokeAction(Object(CakeRequest))
#6 /Users/asmt3/Sites/clients/justgiving/widgets/lib/Cake/Routing/Dispatcher.php(165): Dispatcher->_invoke(Object(PagesController), Object(CakeRequest))
#7 /Users/asmt3/Sites/clients/justgiving/widgets/app/webroot/index.php(108): Dispatcher->dispatch(Object(CakeRequest), Object(CakeResponse))
#8 {main}
2014-07-22 13:05:39 Error: [MissingViewException] View file "/Users/asmt3/Sites/clients/justgiving/widgets/app/View/Donationlists/donationlist_by_ref_embeddable_js.ctp" is missing.
Exception Attributes: array (
  'file' => '/Users/asmt3/Sites/clients/justgiving/widgets/app/View/Donationlists/donationlist_by_ref_embeddable_js.ctp',
)
Request URL: /donationlists/donationlistByRefEmbeddableJs/2288/dummy
Stack Trace:
#0 /Users/asmt3/Sites/clients/justgiving/widgets/lib/Cake/View/View.php(468): View->_getViewFileName(NULL)
#1 /Users/asmt3/Sites/clients/justgiving/widgets/lib/Cake/Controller/Controller.php(954): View->render(NULL, NULL)
#2 /Users/asmt3/Sites/clients/justgiving/widgets/lib/Cake/Routing/Dispatcher.php(198): Controller->render()
#3 /Users/asmt3/Sites/clients/justgiving/widgets/lib/Cake/Routing/Dispatcher.php(165): Dispatcher->_invoke(Object(DonationlistsController), Object(CakeRequest))
#4 /Users/asmt3/Sites/clients/justgiving/widgets/app/webroot/index.php(108): Dispatcher->dispatch(Object(CakeRequest), Object(CakeResponse))
#5 {main}
2014-07-22 13:06:17 Error: [MissingViewException] View file "/Users/asmt3/Sites/clients/justgiving/widgets/app/View/Donationlists/donationlist_by_ref_embeddable_js.ctp" is missing.
Exception Attributes: array (
  'file' => '/Users/asmt3/Sites/clients/justgiving/widgets/app/View/Donationlists/donationlist_by_ref_embeddable_js.ctp',
)
Request URL: /donationlists/donationlistByRefEmbeddableJs/2288/dummy
Stack Trace:
#0 /Users/asmt3/Sites/clients/justgiving/widgets/lib/Cake/View/View.php(468): View->_getViewFileName(NULL)
#1 /Users/asmt3/Sites/clients/justgiving/widgets/lib/Cake/Controller/Controller.php(954): View->render(NULL, NULL)
#2 /Users/asmt3/Sites/clients/justgiving/widgets/lib/Cake/Routing/Dispatcher.php(198): Controller->render()
#3 /Users/asmt3/Sites/clients/justgiving/widgets/lib/Cake/Routing/Dispatcher.php(165): Dispatcher->_invoke(Object(DonationlistsController), Object(CakeRequest))
#4 /Users/asmt3/Sites/clients/justgiving/widgets/app/webroot/index.php(108): Dispatcher->dispatch(Object(CakeRequest), Object(CakeResponse))
#5 {main}
2014-07-22 13:06:48 Error: [MissingViewException] View file "/Users/asmt3/Sites/clients/justgiving/widgets/app/View/Donationlists/donationlist_by_ref_embeddable_js.ctp" is missing.
Exception Attributes: array (
  'file' => '/Users/asmt3/Sites/clients/justgiving/widgets/app/View/Donationlists/donationlist_by_ref_embeddable_js.ctp',
)
Request URL: /donationlists/donationlistByRefEmbeddableJs/2288/dummy
Stack Trace:
#0 /Users/asmt3/Sites/clients/justgiving/widgets/lib/Cake/View/View.php(468): View->_getViewFileName(NULL)
#1 /Users/asmt3/Sites/clients/justgiving/widgets/lib/Cake/Controller/Controller.php(954): View->render(NULL, NULL)
#2 /Users/asmt3/Sites/clients/justgiving/widgets/lib/Cake/Routing/Dispatcher.php(198): Controller->render()
#3 /Users/asmt3/Sites/clients/justgiving/widgets/lib/Cake/Routing/Dispatcher.php(165): Dispatcher->_invoke(Object(DonationlistsController), Object(CakeRequest))
#4 /Users/asmt3/Sites/clients/justgiving/widgets/app/webroot/index.php(108): Dispatcher->dispatch(Object(CakeRequest), Object(CakeResponse))
#5 {main}
2014-07-22 13:07:57 Error: [MissingViewException] View file "/Users/asmt3/Sites/clients/justgiving/widgets/app/View/Donationlists/donationlist_by_ref_embeddable_js.ctp" is missing.
Exception Attributes: array (
  'file' => '/Users/asmt3/Sites/clients/justgiving/widgets/app/View/Donationlists/donationlist_by_ref_embeddable_js.ctp',
)
Request URL: /donationlists/donationlistByRefEmbeddableJs/2288/dummy
Stack Trace:
#0 /Users/asmt3/Sites/clients/justgiving/widgets/lib/Cake/View/View.php(468): View->_getViewFileName(NULL)
#1 /Users/asmt3/Sites/clients/justgiving/widgets/lib/Cake/Controller/Controller.php(954): View->render(NULL, NULL)
#2 /Users/asmt3/Sites/clients/justgiving/widgets/lib/Cake/Routing/Dispatcher.php(198): Controller->render()
#3 /Users/asmt3/Sites/clients/justgiving/widgets/lib/Cake/Routing/Dispatcher.php(165): Dispatcher->_invoke(Object(DonationlistsController), Object(CakeRequest))
#4 /Users/asmt3/Sites/clients/justgiving/widgets/app/webroot/index.php(108): Dispatcher->dispatch(Object(CakeRequest), Object(CakeResponse))
#5 {main}
2014-07-22 13:21:24 Error: [MissingControllerException] Controller class CharityeventsController could not be found.
Exception Attributes: array (
  'class' => 'CharityeventsController',
  'plugin' => NULL,
)
Request URL: /charityevents/charityevents/2288/dummy
Stack Trace:
#0 /Users/asmt3/Sites/clients/justgiving/widgets/app/webroot/index.php(108): Dispatcher->dispatch(Object(CakeRequest), Object(CakeResponse))
#1 {main}
